<?xml version="1.0" encoding="UTF-8"?>
<!-- Generated by org.testng.reporters.JUnitReportReporter -->
<testsuite hostname="DESKTOP-707FQN2" failures="0" tests="1" name="Tests_PUT" time="2.092" errors="0" timestamp="2023-08-10T02:11:09 EEST" skipped="0">
  <testcase classname="Tests_PUT" name="Test" time="2.092"/>
</testsuite> <!-- Tests_PUT -->
