<?xml version="1.0" encoding="UTF-8"?>
<!-- Generated by org.testng.reporters.JUnitReportReporter -->
<testsuite hostname="DESKTOP-707FQN2" failures="0" tests="2" name="Test_Get" time="2.913" errors="0" timestamp="2023-08-10T00:00:27 EEST" skipped="0">
  <testcase classname="Test_Get" name="test_02" time="0.824"/>
  <testcase classname="Test_Get" name="test_01" time="2.089"/>
</testsuite> <!-- Test_Get -->
